\BOOKMARK [1][-]{section.1}{\376\377\000E\000i\000n\000l\000e\000i\000t\000u\000n\000g}{}% 1
\BOOKMARK [1][-]{section.2}{\376\377\000M\000o\000t\000i\000v\000a\000t\000i\000o\000n\000\040\000d\000e\000s\000\040\000T\000h\000e\000m\000a\000s}{}% 2
\BOOKMARK [2][-]{subsection.2.1}{\376\377\000D\000a\000s\000\040\000I\000r\000r\000a\000t\000i\000o\000n\000a\000l\000i\000t\000\344\000t\000s\000m\000a\000\337}{section.2}% 3
\BOOKMARK [2][-]{subsection.2.2}{\376\377\000B\000e\000i\000s\000p\000i\000e\000l\000e\000\040\000z\000u\000m\000\040\000I\000r\000r\000a\000t\000i\000o\000n\000a\000l\000i\000t\000\344\000t\000s\000m\000a\000\337}{section.2}% 4
\BOOKMARK [2][-]{subsection.2.3}{\376\377\000G\000r\000u\000n\000d\000l\000e\000g\000e\000n\000d\000e\000\040\000A\000u\000s\000s\000a\000g\000e\000\040\000d\000e\000s\000\040\000S\000a\000t\000z\000e\000s\000\040\000v\000o\000n\000\040\000R\000o\000t\000h}{section.2}% 5
\BOOKMARK [1][-]{section.3}{\376\377\000G\000r\000u\000n\000d\000l\000a\000g\000e\000n\000\040\000u\000n\000d\000\040\000V\000o\000r\000a\000u\000s\000s\000e\000t\000z\000u\000n\000g\000e\000n}{}% 6
\BOOKMARK [2][-]{subsection.3.1}{\376\377\000N\000o\000t\000a\000t\000i\000o\000n}{section.3}% 7
\BOOKMARK [2][-]{subsection.3.2}{\376\377\000a\000l\000g\000e\000b\000r\000a\000i\000s\000c\000h\000e\000\040\000Z\000a\000h\000l\000e\000n}{section.3}% 8
\BOOKMARK [2][-]{subsection.3.3}{\376\377\000D\000e\000r\000\040\000S\000a\000t\000z\000\040\000v\000o\000n\000\040\000R\000o\000t\000h\000\040\000\050\000T\000h\000e\000o\000r\000e\000m\000\040\000I\000\051}{section.3}% 9
\BOOKMARK [2][-]{subsection.3.4}{\376\377\000N\000o\000r\000m\000i\000e\000r\000e\000n\000\040\000d\000e\000s\000\040\000P\000o\000l\000y\000n\000o\000m\000s\000\040\000e\000i\000n\000e\000r\000\040\000a\000l\000g\000e\000b\000r\000a\000i\000s\000c\000h\000e\000n\000\040\000Z\000a\000h\000l}{section.3}% 10
\BOOKMARK [2][-]{subsection.3.5}{\376\377\000P\000o\000l\000y\000n\000o\000m\000e}{section.3}% 11
\BOOKMARK [3][-]{subsubsection.3.5.1}{\376\377\000D\000e\000f\000i\000n\000i\000t\000i\000o\000n\000\040\000d\000e\000r\000\040\000P\000o\000l\000y\000n\000o\000m\000e}{subsection.3.5}% 12
\BOOKMARK [3][-]{subsubsection.3.5.2}{\376\377\000D\000e\000r\000\040\000I\000n\000h\000a\000l\000t\000\040\000e\000i\000n\000e\000s\000\040\000P\000o\000l\000y\000n\000o\000m\000s}{subsection.3.5}% 13
\BOOKMARK [3][-]{subsubsection.3.5.3}{\376\377\000D\000a\000s\000\040\000R\000e\000s\000t\000p\000o\000l\000y\000n\000o\000m}{subsection.3.5}% 14
\BOOKMARK [3][-]{subsubsection.3.5.4}{\376\377\000D\000e\000r\000\040\000I\000n\000d\000e\000x\000\040\000e\000i\000n\000e\000s\000\040\000P\000o\000l\000y\000n\000o\000m\000s}{subsection.3.5}% 15
\BOOKMARK [2][-]{subsection.3.6}{\376\377\000L\000e\000m\000m\000a\000\040\0001}{section.3}% 16
\BOOKMARK [2][-]{subsection.3.7}{\376\377\000L\000e\000m\000m\000a\000\040\0002}{section.3}% 17
\BOOKMARK [1][-]{section.4}{\376\377\000K\000o\000n\000s\000t\000r\000u\000k\000t\000i\000o\000n\000\040\000d\000e\000s\000\040\000P\000o\000l\000y\000n\000o\000m\000s\000\040\000R\000\040\000\050\000T\000h\000e\000o\000r\000e\000m\000\040\000I\000I\000\051}{}% 18
\BOOKMARK [2][-]{subsection.4.1}{\376\377\000A\000u\000s\000s\000a\000g\000e\000\040\000d\000e\000s\000\040\000T\000h\000e\000o\000r\000e\000m\000\040\000I\000I}{section.4}% 19
\BOOKMARK [2][-]{subsection.4.2}{\376\377\000L\000e\000m\000m\000a\000\040\0003}{section.4}% 20
\BOOKMARK [2][-]{subsection.4.3}{\376\377\000L\000e\000m\000m\000a\000\040\0004}{section.4}% 21
\BOOKMARK [2][-]{subsection.4.4}{\376\377\000L\000e\000m\000m\000a\000\040\0005}{section.4}% 22
\BOOKMARK [2][-]{subsection.4.5}{\376\377\000B\000e\000w\000e\000i\000s\000\040\000d\000e\000s\000\040\000T\000h\000e\000o\000r\000e\000m\000\040\000I\000I}{section.4}% 23
